2025-01-25 16:34:27,249 INFO Evaluating VisualPhishNet
2025-01-25 16:34:27,669 INFO ***
2025-01-25 16:34:27,669 INFO Test example: T7_7.png
2025-01-25 16:34:27,669 INFO found
2025-01-25 16:34:27,670 INFO ***
2025-01-25 16:34:27,670 INFO Test example: T12_30.png
2025-01-25 16:34:27,670 INFO ***
2025-01-25 16:34:27,670 INFO Test example: T30_21.png
2025-01-25 16:34:27,670 INFO found
2025-01-25 16:34:27,671 INFO ***
2025-01-25 16:34:27,671 INFO Test example: T4_50.png
2025-01-25 16:34:27,671 INFO found
2025-01-25 16:34:27,671 INFO ***
2025-01-25 16:34:27,671 INFO Test example: T4_16.png
2025-01-25 16:34:27,671 INFO found
2025-01-25 16:34:27,671 INFO ***
2025-01-25 16:34:27,671 INFO Test example: T4_35.png
2025-01-25 16:34:27,671 INFO ***
2025-01-25 16:34:27,671 INFO Test example: T7_19.png
2025-01-25 16:34:27,671 INFO found
2025-01-25 16:34:27,672 INFO ***
2025-01-25 16:34:27,672 INFO Test example: T30_23.png
2025-01-25 16:34:27,672 INFO found
2025-01-25 16:34:27,672 INFO ***
2025-01-25 16:34:27,672 INFO Test example: T30_26.png
2025-01-25 16:34:27,672 INFO found
2025-01-25 16:34:27,672 INFO ***
2025-01-25 16:34:27,672 INFO Test example: T4_32.png
2025-01-25 16:34:27,672 INFO found
2025-01-25 16:34:27,672 INFO ***
2025-01-25 16:34:27,673 INFO Test example: T7_18.png
2025-01-25 16:34:27,673 INFO ***
2025-01-25 16:34:27,673 INFO Test example: T30_14.png
2025-01-25 16:34:27,673 INFO found
2025-01-25 16:34:27,673 INFO ***
2025-01-25 16:34:27,673 INFO Test example: T0_0.jpg
2025-01-25 16:34:27,673 INFO found
2025-01-25 16:34:27,673 INFO ***
2025-01-25 16:34:27,673 INFO Test example: T7_12.png
2025-01-25 16:34:27,673 INFO found
2025-01-25 16:34:27,674 INFO ***
2025-01-25 16:34:27,674 INFO Test example: T12_38.png
2025-01-25 16:34:27,674 INFO found
2025-01-25 16:34:27,674 INFO ***
2025-01-25 16:34:27,674 INFO Test example: T12_21.png
2025-01-25 16:34:27,674 INFO found
2025-01-25 16:34:27,674 INFO ***
2025-01-25 16:34:27,674 INFO Test example: T4_28.png
2025-01-25 16:34:27,674 INFO ***
2025-01-25 16:34:27,675 INFO Test example: T12_3.png
2025-01-25 16:34:27,675 INFO found
2025-01-25 16:34:27,675 INFO ***
2025-01-25 16:34:27,675 INFO Test example: T4_9.png
2025-01-25 16:34:27,675 INFO found
2025-01-25 16:34:27,675 INFO ***
2025-01-25 16:34:27,675 INFO Test example: T12_35.png
2025-01-25 16:34:27,675 INFO found
2025-01-25 16:34:27,675 INFO ***
2025-01-25 16:34:27,675 INFO Test example: T30_33.jpg
2025-01-25 16:34:27,675 INFO found
2025-01-25 16:34:27,676 INFO ***
2025-01-25 16:34:27,676 INFO Test example: T12_10.png
2025-01-25 16:34:27,676 INFO found
2025-01-25 16:34:27,676 INFO ***
2025-01-25 16:34:27,676 INFO Test example: T4_31.png
2025-01-25 16:34:27,676 INFO found
2025-01-25 16:34:27,676 INFO ***
2025-01-25 16:34:27,676 INFO Test example: T12_17.png
2025-01-25 16:34:27,676 INFO found
2025-01-25 16:34:27,677 INFO ***
2025-01-25 16:34:27,677 INFO Test example: T12_33.png
2025-01-25 16:34:27,677 INFO found
2025-01-25 16:34:27,677 INFO ***
2025-01-25 16:34:27,677 INFO Test example: T4_38.png
2025-01-25 16:34:27,677 INFO found
2025-01-25 16:34:27,677 INFO ***
2025-01-25 16:34:27,677 INFO Test example: T30_0.jpg
2025-01-25 16:34:27,677 INFO found
2025-01-25 16:34:27,678 INFO ***
2025-01-25 16:34:27,678 INFO Test example: T30_2.jpg
2025-01-25 16:34:27,678 INFO found
2025-01-25 16:34:27,678 INFO ***
2025-01-25 16:34:27,678 INFO Test example: T30_22.png
2025-01-25 16:34:27,678 INFO found
2025-01-25 16:34:27,678 INFO ***
2025-01-25 16:34:27,678 INFO Test example: T30_27.png
2025-01-25 16:34:27,678 INFO found
2025-01-25 16:34:27,678 INFO ***
2025-01-25 16:34:27,679 INFO Test example: T30_1.jpg
2025-01-25 16:34:27,679 INFO found
2025-01-25 16:34:27,679 INFO ***
2025-01-25 16:34:27,679 INFO Test example: T12_18.png
2025-01-25 16:34:27,679 INFO found
2025-01-25 16:34:27,679 INFO ***
2025-01-25 16:34:27,679 INFO Test example: T4_20.png
2025-01-25 16:34:27,679 INFO found
2025-01-25 16:34:27,679 INFO ***
2025-01-25 16:34:27,680 INFO Test example: T4_47.png
2025-01-25 16:34:27,680 INFO found
2025-01-25 16:34:27,680 INFO ***
2025-01-25 16:34:27,680 INFO Test example: T12_36.png
2025-01-25 16:34:27,680 INFO found
2025-01-25 16:34:27,680 INFO ***
2025-01-25 16:34:27,680 INFO Test example: T7_25.png
2025-01-25 16:34:27,680 INFO found
2025-01-25 16:34:27,680 INFO ***
2025-01-25 16:34:27,681 INFO Test example: T30_25.jpg
2025-01-25 16:34:27,681 INFO found
2025-01-25 16:34:27,681 INFO ***
2025-01-25 16:34:27,681 INFO Test example: T30_39.png
2025-01-25 16:34:27,681 INFO found
2025-01-25 16:34:27,681 INFO ***
2025-01-25 16:34:27,681 INFO Test example: T0_1.jpg
2025-01-25 16:34:27,681 INFO found
2025-01-25 16:34:27,681 INFO ***
2025-01-25 16:34:27,682 INFO Test example: T4_13.png
2025-01-25 16:34:27,682 INFO found
2025-01-25 16:34:27,682 INFO ***
2025-01-25 16:34:27,682 INFO Test example: T4_14.png
2025-01-25 16:34:27,682 INFO found
2025-01-25 16:34:27,682 INFO ***
2025-01-25 16:34:27,682 INFO Test example: T30_36.png
2025-01-25 16:34:27,682 INFO found
2025-01-25 16:34:27,683 INFO ***
2025-01-25 16:34:27,683 INFO Test example: T4_0.png
2025-01-25 16:34:27,683 INFO found
2025-01-25 16:34:27,683 INFO ***
2025-01-25 16:34:27,683 INFO Test example: T4_10.png
2025-01-25 16:34:27,683 INFO ***
2025-01-25 16:34:27,683 INFO Test example: T7_8.png
2025-01-25 16:34:27,684 INFO ***
2025-01-25 16:34:27,684 INFO Test example: T4_42.jpg
2025-01-25 16:34:27,684 INFO ***
2025-01-25 16:34:27,684 INFO Test example: T12_13.png
2025-01-25 16:34:27,684 INFO found
2025-01-25 16:34:27,684 INFO ***
2025-01-25 16:34:27,684 INFO Test example: T4_39.png
2025-01-25 16:34:27,684 INFO ***
2025-01-25 16:34:27,685 INFO Test example: T7_11.png
2025-01-25 16:34:27,685 INFO ***
2025-01-25 16:34:27,685 INFO Test example: T30_34.png
2025-01-25 16:34:27,685 INFO found
2025-01-25 16:34:27,685 INFO ***
2025-01-25 16:34:27,685 INFO Test example: T30_20.png
2025-01-25 16:34:27,685 INFO ***
2025-01-25 16:34:27,685 INFO Test example: T7_10.png
2025-01-25 16:34:27,685 INFO ***
2025-01-25 16:34:27,686 INFO Test example: T4_29.png
2025-01-25 16:34:27,686 INFO found
2025-01-25 16:34:27,686 INFO ***
2025-01-25 16:34:27,686 INFO Test example: T12_22.png
2025-01-25 16:34:27,686 INFO found
2025-01-25 16:34:27,686 INFO ***
2025-01-25 16:34:27,686 INFO Test example: T12_16.png
2025-01-25 16:34:27,687 INFO found
2025-01-25 16:34:27,687 INFO ***
2025-01-25 16:34:27,687 INFO Test example: T30_35.png
2025-01-25 16:34:27,687 INFO found
2025-01-25 16:34:27,687 INFO ***
2025-01-25 16:34:27,687 INFO Test example: T7_13.png
2025-01-25 16:34:27,687 INFO found
2025-01-25 16:34:27,688 INFO ***
2025-01-25 16:34:27,688 INFO Test example: T30_5.png
2025-01-25 16:34:27,688 INFO found
2025-01-25 16:34:27,688 INFO ***
2025-01-25 16:34:27,688 INFO Test example: T7_1.png
2025-01-25 16:34:27,688 INFO ***
2025-01-25 16:34:27,689 INFO Test example: T30_6.png
2025-01-25 16:34:27,689 INFO found
2025-01-25 16:34:27,689 INFO ***
2025-01-25 16:34:27,689 INFO Test example: T4_45.png
2025-01-25 16:34:27,689 INFO found
2025-01-25 16:34:27,689 INFO ***
2025-01-25 16:34:27,690 INFO Test example: T4_26.png
2025-01-25 16:34:27,690 INFO found
2025-01-25 16:34:27,690 INFO ***
2025-01-25 16:34:27,690 INFO Test example: T7_2.png
2025-01-25 16:34:27,690 INFO ***
2025-01-25 16:34:27,690 INFO Test example: T7_16.png
2025-01-25 16:34:27,690 INFO found
2025-01-25 16:34:27,690 INFO ***
2025-01-25 16:34:27,691 INFO Test example: T7_23.jpg
2025-01-25 16:34:27,691 INFO found
2025-01-25 16:34:27,691 INFO ***
2025-01-25 16:34:27,691 INFO Test example: T30_16.jpg
2025-01-25 16:34:27,691 INFO found
2025-01-25 16:34:27,691 INFO ***
2025-01-25 16:34:27,691 INFO Test example: T30_18.jpg
2025-01-25 16:34:27,691 INFO found
2025-01-25 16:34:27,691 INFO ***
2025-01-25 16:34:27,692 INFO Test example: T7_4.png
2025-01-25 16:34:27,692 INFO found
2025-01-25 16:34:27,692 INFO ***
2025-01-25 16:34:27,692 INFO Test example: T0_6.png
2025-01-25 16:34:27,692 INFO found
2025-01-25 16:34:27,692 INFO ***
2025-01-25 16:34:27,692 INFO Test example: T30_19.png
2025-01-25 16:34:27,692 INFO found
2025-01-25 16:34:27,693 INFO ***
2025-01-25 16:34:27,693 INFO Test example: T4_36.png
2025-01-25 16:34:27,693 INFO found
2025-01-25 16:34:27,693 INFO ***
2025-01-25 16:34:27,693 INFO Test example: T12_20.png
2025-01-25 16:34:27,693 INFO ***
2025-01-25 16:34:27,693 INFO Test example: T30_30.png
2025-01-25 16:34:27,693 INFO found
2025-01-25 16:34:27,693 INFO ***
2025-01-25 16:34:27,694 INFO Test example: T30_3.png
2025-01-25 16:34:27,694 INFO found
2025-01-25 16:34:27,694 INFO ***
2025-01-25 16:34:27,694 INFO Test example: T4_43.png
2025-01-25 16:34:27,694 INFO found
2025-01-25 16:34:27,694 INFO ***
2025-01-25 16:34:27,694 INFO Test example: T4_33.png
2025-01-25 16:34:27,694 INFO found
2025-01-25 16:34:27,694 INFO ***
2025-01-25 16:34:27,695 INFO Test example: T4_15.png
2025-01-25 16:34:27,695 INFO found
2025-01-25 16:34:27,695 INFO ***
2025-01-25 16:34:27,695 INFO Test example: T12_24.png
2025-01-25 16:34:27,695 INFO found
2025-01-25 16:34:27,695 INFO ***
2025-01-25 16:34:27,695 INFO Test example: T30_29.png
2025-01-25 16:34:27,695 INFO ***
2025-01-25 16:34:27,695 INFO Test example: T30_28.png
2025-01-25 16:34:27,696 INFO found
2025-01-25 16:34:27,696 INFO ***
2025-01-25 16:34:27,696 INFO Test example: T12_23.png
2025-01-25 16:34:27,696 INFO found
2025-01-25 16:34:27,696 INFO ***
2025-01-25 16:34:27,696 INFO Test example: T12_7.png
2025-01-25 16:34:27,696 INFO found
2025-01-25 16:34:27,696 INFO ***
2025-01-25 16:34:27,696 INFO Test example: T30_24.png
2025-01-25 16:34:27,697 INFO found
2025-01-25 16:34:27,697 INFO ***
2025-01-25 16:34:27,697 INFO Test example: T30_10.png
2025-01-25 16:34:27,697 INFO found
2025-01-25 16:34:27,697 INFO ***
2025-01-25 16:34:27,697 INFO Test example: T12_9.png
2025-01-25 16:34:27,697 INFO found
2025-01-25 16:34:27,697 INFO ***
2025-01-25 16:34:27,698 INFO Test example: T30_40.png
2025-01-25 16:34:27,698 INFO found
2025-01-25 16:34:27,698 INFO ***
2025-01-25 16:34:27,698 INFO Test example: T12_29.png
2025-01-25 16:34:27,698 INFO found
2025-01-25 16:34:27,698 INFO ***
2025-01-25 16:34:27,698 INFO Test example: T7_17.png
2025-01-25 16:34:27,698 INFO found
2025-01-25 16:34:27,699 INFO ***
2025-01-25 16:34:27,699 INFO Test example: T30_8.png
2025-01-25 16:34:27,699 INFO found
2025-01-25 16:34:27,699 INFO ***
2025-01-25 16:34:27,699 INFO Test example: T30_13.png
2025-01-25 16:34:27,699 INFO found
2025-01-25 16:34:27,699 INFO ***
2025-01-25 16:34:27,699 INFO Test example: T4_19.png
2025-01-25 16:34:27,700 INFO found
2025-01-25 16:34:27,700 INFO ***
2025-01-25 16:34:27,700 INFO Test example: T4_48.png
2025-01-25 16:34:27,700 INFO found
2025-01-25 16:34:27,700 INFO ***
2025-01-25 16:34:27,700 INFO Test example: T0_2.png
2025-01-25 16:34:27,700 INFO found
2025-01-25 16:34:27,700 INFO ***
2025-01-25 16:34:27,701 INFO Test example: T12_4.png
2025-01-25 16:34:27,701 INFO found
2025-01-25 16:34:27,701 INFO ***
2025-01-25 16:34:27,701 INFO Test example: T30_32.png
2025-01-25 16:34:27,701 INFO found
2025-01-25 16:34:27,701 INFO ***
2025-01-25 16:34:27,702 INFO Test example: T4_1.png
2025-01-25 16:34:27,702 INFO found
2025-01-25 16:34:27,702 INFO Correct match percentage: 0.84375
