2025-01-25 16:33:57,940 INFO Evaluating VisualPhishNet
2025-01-25 16:33:58,360 INFO ***
2025-01-25 16:33:58,361 INFO Test example: T7_7.png
2025-01-25 16:33:58,361 INFO ***
2025-01-25 16:33:58,361 INFO Test example: T12_30.png
2025-01-25 16:33:58,361 INFO found
2025-01-25 16:33:58,361 INFO ***
2025-01-25 16:33:58,361 INFO Test example: T30_21.png
2025-01-25 16:33:58,361 INFO ***
2025-01-25 16:33:58,361 INFO Test example: T4_50.png
2025-01-25 16:33:58,362 INFO found
2025-01-25 16:33:58,362 INFO ***
2025-01-25 16:33:58,362 INFO Test example: T4_16.png
2025-01-25 16:33:58,362 INFO found
2025-01-25 16:33:58,362 INFO ***
2025-01-25 16:33:58,362 INFO Test example: T4_35.png
2025-01-25 16:33:58,362 INFO found
2025-01-25 16:33:58,362 INFO ***
2025-01-25 16:33:58,362 INFO Test example: T7_19.png
2025-01-25 16:33:58,362 INFO ***
2025-01-25 16:33:58,363 INFO Test example: T30_23.png
2025-01-25 16:33:58,363 INFO found
2025-01-25 16:33:58,363 INFO ***
2025-01-25 16:33:58,363 INFO Test example: T30_26.png
2025-01-25 16:33:58,363 INFO ***
2025-01-25 16:33:58,363 INFO Test example: T4_32.png
2025-01-25 16:33:58,363 INFO ***
2025-01-25 16:33:58,363 INFO Test example: T7_18.png
2025-01-25 16:33:58,363 INFO ***
2025-01-25 16:33:58,364 INFO Test example: T30_14.png
2025-01-25 16:33:58,364 INFO found
2025-01-25 16:33:58,364 INFO ***
2025-01-25 16:33:58,364 INFO Test example: T0_0.jpg
2025-01-25 16:33:58,364 INFO found
2025-01-25 16:33:58,364 INFO ***
2025-01-25 16:33:58,364 INFO Test example: T7_12.png
2025-01-25 16:33:58,364 INFO found
2025-01-25 16:33:58,364 INFO ***
2025-01-25 16:33:58,364 INFO Test example: T12_38.png
2025-01-25 16:33:58,365 INFO ***
2025-01-25 16:33:58,365 INFO Test example: T12_21.png
2025-01-25 16:33:58,365 INFO ***
2025-01-25 16:33:58,365 INFO Test example: T4_28.png
2025-01-25 16:33:58,365 INFO found
2025-01-25 16:33:58,365 INFO ***
2025-01-25 16:33:58,365 INFO Test example: T12_3.png
2025-01-25 16:33:58,365 INFO found
2025-01-25 16:33:58,366 INFO ***
2025-01-25 16:33:58,366 INFO Test example: T4_9.png
2025-01-25 16:33:58,366 INFO found
2025-01-25 16:33:58,366 INFO ***
2025-01-25 16:33:58,366 INFO Test example: T12_35.png
2025-01-25 16:33:58,366 INFO found
2025-01-25 16:33:58,366 INFO ***
2025-01-25 16:33:58,366 INFO Test example: T30_33.jpg
2025-01-25 16:33:58,367 INFO ***
2025-01-25 16:33:58,367 INFO Test example: T12_10.png
2025-01-25 16:33:58,367 INFO found
2025-01-25 16:33:58,367 INFO ***
2025-01-25 16:33:58,367 INFO Test example: T4_31.png
2025-01-25 16:33:58,367 INFO found
2025-01-25 16:33:58,367 INFO ***
2025-01-25 16:33:58,367 INFO Test example: T12_17.png
2025-01-25 16:33:58,368 INFO ***
2025-01-25 16:33:58,368 INFO Test example: T12_33.png
2025-01-25 16:33:58,368 INFO ***
2025-01-25 16:33:58,368 INFO Test example: T4_38.png
2025-01-25 16:33:58,368 INFO found
2025-01-25 16:33:58,368 INFO ***
2025-01-25 16:33:58,368 INFO Test example: T30_0.jpg
2025-01-25 16:33:58,369 INFO found
2025-01-25 16:33:58,369 INFO ***
2025-01-25 16:33:58,369 INFO Test example: T30_2.jpg
2025-01-25 16:33:58,369 INFO ***
2025-01-25 16:33:58,369 INFO Test example: T30_22.png
2025-01-25 16:33:58,369 INFO found
2025-01-25 16:33:58,369 INFO ***
2025-01-25 16:33:58,370 INFO Test example: T30_27.png
2025-01-25 16:33:58,370 INFO found
2025-01-25 16:33:58,370 INFO ***
2025-01-25 16:33:58,370 INFO Test example: T30_1.jpg
2025-01-25 16:33:58,370 INFO ***
2025-01-25 16:33:58,370 INFO Test example: T12_18.png
2025-01-25 16:33:58,370 INFO found
2025-01-25 16:33:58,371 INFO ***
2025-01-25 16:33:58,371 INFO Test example: T4_20.png
2025-01-25 16:33:58,371 INFO found
2025-01-25 16:33:58,371 INFO ***
2025-01-25 16:33:58,371 INFO Test example: T4_47.png
2025-01-25 16:33:58,371 INFO found
2025-01-25 16:33:58,371 INFO ***
2025-01-25 16:33:58,371 INFO Test example: T12_36.png
2025-01-25 16:33:58,371 INFO found
2025-01-25 16:33:58,371 INFO ***
2025-01-25 16:33:58,372 INFO Test example: T7_25.png
2025-01-25 16:33:58,372 INFO ***
2025-01-25 16:33:58,372 INFO Test example: T30_25.jpg
2025-01-25 16:33:58,372 INFO ***
2025-01-25 16:33:58,372 INFO Test example: T30_39.png
2025-01-25 16:33:58,372 INFO found
2025-01-25 16:33:58,372 INFO ***
2025-01-25 16:33:58,372 INFO Test example: T0_1.jpg
2025-01-25 16:33:58,373 INFO found
2025-01-25 16:33:58,373 INFO ***
2025-01-25 16:33:58,373 INFO Test example: T4_13.png
2025-01-25 16:33:58,373 INFO found
2025-01-25 16:33:58,373 INFO ***
2025-01-25 16:33:58,373 INFO Test example: T4_14.png
2025-01-25 16:33:58,373 INFO found
2025-01-25 16:33:58,373 INFO ***
2025-01-25 16:33:58,374 INFO Test example: T30_36.png
2025-01-25 16:33:58,374 INFO ***
2025-01-25 16:33:58,374 INFO Test example: T4_0.png
2025-01-25 16:33:58,374 INFO found
2025-01-25 16:33:58,374 INFO ***
2025-01-25 16:33:58,374 INFO Test example: T4_10.png
2025-01-25 16:33:58,374 INFO ***
2025-01-25 16:33:58,374 INFO Test example: T7_8.png
2025-01-25 16:33:58,374 INFO ***
2025-01-25 16:33:58,375 INFO Test example: T4_42.jpg
2025-01-25 16:33:58,375 INFO ***
2025-01-25 16:33:58,375 INFO Test example: T12_13.png
2025-01-25 16:33:58,375 INFO found
2025-01-25 16:33:58,375 INFO ***
2025-01-25 16:33:58,375 INFO Test example: T4_39.png
2025-01-25 16:33:58,375 INFO found
2025-01-25 16:33:58,375 INFO ***
2025-01-25 16:33:58,375 INFO Test example: T7_11.png
2025-01-25 16:33:58,376 INFO ***
2025-01-25 16:33:58,376 INFO Test example: T30_34.png
2025-01-25 16:33:58,376 INFO ***
2025-01-25 16:33:58,376 INFO Test example: T30_20.png
2025-01-25 16:33:58,376 INFO ***
2025-01-25 16:33:58,376 INFO Test example: T7_10.png
2025-01-25 16:33:58,376 INFO ***
2025-01-25 16:33:58,377 INFO Test example: T4_29.png
2025-01-25 16:33:58,377 INFO ***
2025-01-25 16:33:58,377 INFO Test example: T12_22.png
2025-01-25 16:33:58,377 INFO found
2025-01-25 16:33:58,377 INFO ***
2025-01-25 16:33:58,377 INFO Test example: T12_16.png
2025-01-25 16:33:58,377 INFO ***
2025-01-25 16:33:58,377 INFO Test example: T30_35.png
2025-01-25 16:33:58,378 INFO ***
2025-01-25 16:33:58,378 INFO Test example: T7_13.png
2025-01-25 16:33:58,378 INFO found
2025-01-25 16:33:58,378 INFO ***
2025-01-25 16:33:58,378 INFO Test example: T30_5.png
2025-01-25 16:33:58,378 INFO found
2025-01-25 16:33:58,378 INFO ***
2025-01-25 16:33:58,379 INFO Test example: T7_1.png
2025-01-25 16:33:58,379 INFO found
2025-01-25 16:33:58,379 INFO ***
2025-01-25 16:33:58,379 INFO Test example: T30_6.png
2025-01-25 16:33:58,379 INFO found
2025-01-25 16:33:58,379 INFO ***
2025-01-25 16:33:58,379 INFO Test example: T4_45.png
2025-01-25 16:33:58,379 INFO found
2025-01-25 16:33:58,379 INFO ***
2025-01-25 16:33:58,379 INFO Test example: T4_26.png
2025-01-25 16:33:58,380 INFO found
2025-01-25 16:33:58,380 INFO ***
2025-01-25 16:33:58,380 INFO Test example: T7_2.png
2025-01-25 16:33:58,380 INFO found
2025-01-25 16:33:58,380 INFO ***
2025-01-25 16:33:58,380 INFO Test example: T7_16.png
2025-01-25 16:33:58,380 INFO found
2025-01-25 16:33:58,380 INFO ***
2025-01-25 16:33:58,380 INFO Test example: T7_23.jpg
2025-01-25 16:33:58,380 INFO found
2025-01-25 16:33:58,381 INFO ***
2025-01-25 16:33:58,381 INFO Test example: T30_16.jpg
2025-01-25 16:33:58,381 INFO ***
2025-01-25 16:33:58,381 INFO Test example: T30_18.jpg
2025-01-25 16:33:58,381 INFO ***
2025-01-25 16:33:58,381 INFO Test example: T7_4.png
2025-01-25 16:33:58,381 INFO found
2025-01-25 16:33:58,382 INFO ***
2025-01-25 16:33:58,382 INFO Test example: T0_6.png
2025-01-25 16:33:58,382 INFO found
2025-01-25 16:33:58,382 INFO ***
2025-01-25 16:33:58,382 INFO Test example: T30_19.png
2025-01-25 16:33:58,382 INFO found
2025-01-25 16:33:58,382 INFO ***
2025-01-25 16:33:58,383 INFO Test example: T4_36.png
2025-01-25 16:33:58,383 INFO found
2025-01-25 16:33:58,383 INFO ***
2025-01-25 16:33:58,383 INFO Test example: T12_20.png
2025-01-25 16:33:58,383 INFO ***
2025-01-25 16:33:58,383 INFO Test example: T30_30.png
2025-01-25 16:33:58,383 INFO ***
2025-01-25 16:33:58,383 INFO Test example: T30_3.png
2025-01-25 16:33:58,383 INFO found
2025-01-25 16:33:58,383 INFO ***
2025-01-25 16:33:58,384 INFO Test example: T4_43.png
2025-01-25 16:33:58,384 INFO found
2025-01-25 16:33:58,384 INFO ***
2025-01-25 16:33:58,384 INFO Test example: T4_33.png
2025-01-25 16:33:58,384 INFO ***
2025-01-25 16:33:58,384 INFO Test example: T4_15.png
2025-01-25 16:33:58,384 INFO found
2025-01-25 16:33:58,385 INFO ***
2025-01-25 16:33:58,385 INFO Test example: T12_24.png
2025-01-25 16:33:58,385 INFO ***
2025-01-25 16:33:58,385 INFO Test example: T30_29.png
2025-01-25 16:33:58,385 INFO ***
2025-01-25 16:33:58,385 INFO Test example: T30_28.png
2025-01-25 16:33:58,385 INFO found
2025-01-25 16:33:58,386 INFO ***
2025-01-25 16:33:58,386 INFO Test example: T12_23.png
2025-01-25 16:33:58,386 INFO found
2025-01-25 16:33:58,386 INFO ***
2025-01-25 16:33:58,386 INFO Test example: T12_7.png
2025-01-25 16:33:58,386 INFO ***
2025-01-25 16:33:58,386 INFO Test example: T30_24.png
2025-01-25 16:33:58,386 INFO found
2025-01-25 16:33:58,387 INFO ***
2025-01-25 16:33:58,387 INFO Test example: T30_10.png
2025-01-25 16:33:58,387 INFO found
2025-01-25 16:33:58,387 INFO ***
2025-01-25 16:33:58,387 INFO Test example: T12_9.png
2025-01-25 16:33:58,387 INFO found
2025-01-25 16:33:58,387 INFO ***
2025-01-25 16:33:58,388 INFO Test example: T30_40.png
2025-01-25 16:33:58,388 INFO ***
2025-01-25 16:33:58,388 INFO Test example: T12_29.png
2025-01-25 16:33:58,388 INFO found
2025-01-25 16:33:58,388 INFO ***
2025-01-25 16:33:58,388 INFO Test example: T7_17.png
2025-01-25 16:33:58,388 INFO ***
2025-01-25 16:33:58,389 INFO Test example: T30_8.png
2025-01-25 16:33:58,389 INFO ***
2025-01-25 16:33:58,389 INFO Test example: T30_13.png
2025-01-25 16:33:58,389 INFO found
2025-01-25 16:33:58,389 INFO ***
2025-01-25 16:33:58,389 INFO Test example: T4_19.png
2025-01-25 16:33:58,389 INFO found
2025-01-25 16:33:58,389 INFO ***
2025-01-25 16:33:58,390 INFO Test example: T4_48.png
2025-01-25 16:33:58,390 INFO found
2025-01-25 16:33:58,390 INFO ***
2025-01-25 16:33:58,390 INFO Test example: T0_2.png
2025-01-25 16:33:58,390 INFO found
2025-01-25 16:33:58,390 INFO ***
2025-01-25 16:33:58,390 INFO Test example: T12_4.png
2025-01-25 16:33:58,391 INFO found
2025-01-25 16:33:58,391 INFO ***
2025-01-25 16:33:58,391 INFO Test example: T30_32.png
2025-01-25 16:33:58,391 INFO ***
2025-01-25 16:33:58,391 INFO Test example: T4_1.png
2025-01-25 16:33:58,391 INFO found
2025-01-25 16:33:58,392 INFO Correct match percentage: 0.6041666666666666
